<?xml version="1.0" encoding="UTF-8"?>
<!-- Generated by org.testng.reporters.JUnitXMLReporter -->
<testsuite ignored="3" hostname="EC2AMAZ-AMLDUJE" failures="0" tests="5" name="Smoke" time="26.428" errors="0" timestamp="16 May 2022 23:19:19 GMT">
  <testcase classname="com.wiki.testCases.TC_Index_01" name="verifyLogo" time="0.342"/>
  <testcase classname="com.wiki.testCases.TC_Index_01" name="verifyTitle" time="0.017"/>
  <testcase classname="com.wiki.testCases.TC_SearchBox_04" name="search" time="1.937"/>
  <testcase classname="com.wiki.testCases.TC_SearchBox_04" name="search" time="4.167"/>
  <testcase classname="com.wiki.testCases.TC_Login_02" name="loginTest" time="8.961"/>
  <testcase classname="com.wiki.testCases.TC_LoginDDT_03" name="loginDDT" time="0.0">
    <ignored/>
  </testcase> <!-- loginDDT -->
  <testcase classname="com.wiki.testCases.TC_HomePageLinks_05" name="statusLinks" time="0.0">
    <ignored/>
  </testcase> <!-- statusLinks -->
  <testcase classname="com.wiki.testCases.TC_HomePageLinks_05" name="countLinks" time="0.0">
    <ignored/>
  </testcase> <!-- countLinks -->
</testsuite> <!-- Smoke -->
