<?xml version="1.0" encoding="UTF-8"?>
<!-- Generated by org.testng.reporters.JUnitXMLReporter -->
<testsuite ignored="0" hostname="Mani" failures="2" tests="9" name="Test" time="68.948" errors="0" timestamp="16 May 2022 23:40:00 GMT">
  <testcase classname="com.wiki.testCases.TC_Index_01" name="verifyLogo" time="0.081"/>
  <testcase classname="com.wiki.testCases.TC_Index_01" name="verifyTitle" time="0.008"/>
  <testcase classname="com.wiki.testCases.TC_Login_02" name="loginTest" time="10.013"/>
  <testcase classname="com.wiki.testCases.TC_LoginDDT_03" name="loginDDT" time="2.288">
    <failure type="java.lang.AssertionError" message="expected [true] but found [false]">
      <![CDATA[java.lang.AssertionError: expected [true] but found [false]
at com.wiki.testCases.TC_LoginDDT_03.loginDDT(TC_LoginDDT_03.java:45)
... Removed 29 stack frames]]>
    </failure>
  </testcase> <!-- loginDDT -->
  <testcase classname="com.wiki.testCases.TC_LoginDDT_03" name="loginDDT" time="8.832"/>
  <testcase classname="com.wiki.testCases.TC_SearchBox_04" name="search" time="1.635"/>
  <testcase classname="com.wiki.testCases.TC_SearchBox_04" name="search" time="2.316"/>
  <testcase classname="com.wiki.testCases.TC_HomePageLinks_05" name="statusLinks" time="17.273">
    <failure type="java.lang.AssertionError" message="expected [true] but found [false]">
      <![CDATA[java.lang.AssertionError: expected [true] but found [false]
at com.wiki.testCases.TC_HomePageLinks_05.statusLinks(TC_HomePageLinks_05.java:39)
... Removed 29 stack frames]]>
    </failure>
  </testcase> <!-- statusLinks -->
  <testcase classname="com.wiki.testCases.TC_HomePageLinks_05" name="countLinks" time="0.023"/>
</testsuite> <!-- Test -->
